leemijung/week05_code/MyApplication4/app/build/intermediates/manifest_merge_blame_file/debug/manifest-merger-blame-debug-report.txt
1<?xml version="1.0" encoding="utf-8"?>
2<manifest xmlns:android="http://schemas.android.com/apk/res/android"
3    package="com.example.myapplication4"
4    android:versionCode="1"
5    android:versionName="1.0" >
6
7    <uses-sdk
8        android:minSdkVersion="23"
8-->src\main\AndroidManifest.xml
9        android:targetSdkVersion="30" />
9-->src\main\AndroidManifest.xml
10
11    <application
11-->src\main\AndroidManifest.xml:5:5-33:19
12        android:allowBackup="true"
12-->src\main\AndroidManifest.xml:6:9-35
13        android:appComponentFactory="androidx.core.app.CoreComponentFactory"
13-->[androidx.core:core:1.3.2] AndroidManifest.xml:24:18-86
14        android:debuggable="true"
15        android:extractNativeLibs="false"
16        android:icon="@mipmap/ic_launcher"
16-->src\main\AndroidManifest.xml:7:9-43
17        android:label="@string/app_name"
17-->src\main\AndroidManifest.xml:8:9-41
18        android:roundIcon="@mipmap/ic_launcher_round"
18-->src\main\AndroidManifest.xml:9:9-54
19        android:supportsRtl="true"
19-->src\main\AndroidManifest.xml:10:9-35
20        android:testOnly="true"
21        android:theme="@style/Theme.MyApplication4" >
21-->src\main\AndroidManifest.xml:11:9-52
22        <activity android:name="com.example.myapplication4.TabPager2Activity" >
22-->src\main\AndroidManifest.xml:12:9-18:20
22-->src\main\AndroidManifest.xml:12:19-52
23            <intent-filter>
23-->src\main\AndroidManifest.xml:13:13-17:29
24                <action android:name="android.intent.action.MAIN" />
24-->src\main\AndroidManifest.xml:14:17-69
24-->src\main\AndroidManifest.xml:14:25-66
25
26                <category android:name="android.intent.category.LAUNCHER" />
26-->src\main\AndroidManifest.xml:16:17-77
26-->src\main\AndroidManifest.xml:16:27-74
27            </intent-filter>
28        </activity>
29        <activity android:name="com.example.myapplication4.TabPagerActivity" >
29-->src\main\AndroidManifest.xml:19:9-21:20
29-->src\main\AndroidManifest.xml:19:19-51
30        </activity>
31        <activity android:name="com.example.myapplication4.PhoneBookDetailActivity" />
31-->src\main\AndroidManifest.xml:22:9-61
31-->src\main\AndroidManifest.xml:22:19-58
32        <activity android:name="com.example.myapplication4.PhoneBookWithRecyclerViewActivity" />
32-->src\main\AndroidManifest.xml:23:9-80
32-->src\main\AndroidManifest.xml:23:19-68
33        <activity android:name="com.example.myapplication4.RecyclerViewActivity" />
33-->src\main\AndroidManifest.xml:24:9-58
33-->src\main\AndroidManifest.xml:24:19-55
34        <activity android:name="com.example.myapplication4.Listview" />
34-->src\main\AndroidManifest.xml:25:9-46
34-->src\main\AndroidManifest.xml:25:19-43
35        <activity android:name="com.example.myapplication4.PhoneBookActivity" />
35-->src\main\AndroidManifest.xml:26:9-55
35-->src\main\AndroidManifest.xml:26:19-52
36        <activity android:name="com.example.myapplication4.AddViewActivity" />
36-->src\main\AndroidManifest.xml:27:9-53
36-->src\main\AndroidManifest.xml:27:19-50
37        <activity android:name="com.example.myapplication4.ThreadActivity" />
37-->src\main\AndroidManifest.xml:28:9-52
37-->src\main\AndroidManifest.xml:28:19-49
38        <activity android:name="com.example.myapplication4.Context" />
38-->src\main\AndroidManifest.xml:29:9-45
38-->src\main\AndroidManifest.xml:29:19-42
39        <activity android:name="com.example.myapplication4.Resource" />
39-->src\main\AndroidManifest.xml:30:9-46
39-->src\main\AndroidManifest.xml:30:19-43
40        <activity android:name="com.example.myapplication4.NullSafety" />
40-->src\main\AndroidManifest.xml:31:9-48
40-->src\main\AndroidManifest.xml:31:19-45
41        <activity android:name="com.example.myapplication4.MainActivity" />
41-->src\main\AndroidManifest.xml:32:9-50
41-->src\main\AndroidManifest.xml:32:19-47
42    </application>
43
44</manifest>